PDF Page Count Debug:
File: 69160fdc5ddf1_1763053532_NETW_MIDTERMS.pdf
Method 1 (/Type/Page): 11
Method 2 (/Count): 11
Method 3 (Pages/Count): 0
Final Count: 11
------------------------
PDF Page Count Debug:
File: 69160fdc5ea0e_1763053532_SIAA_MIDTERMS.pdf
Method 1 (/Type/Page): 0
Method 2 (/Count): 0
Method 3 (Pages/Count): 0
Final Count: 0
------------------------
PDF Page Count Debug:
File: 69160fdc5f340_1763053532_NETW_MIDTERMS.pdf
Method 1 (/Type/Page): 11
Method 2 (/Count): 11
Method 3 (Pages/Count): 0
Final Count: 11
------------------------
PDF Page Count Debug:
File: 69160ff992b00_1763053561_SIAA_MIDTERMS.pdf
Method 1 (/Type/Page): 0
Method 2 (/Count): 0
Method 3 (Pages/Count): 0
Final Count: 0
------------------------
PDF Page Count Debug:
File: 69160ff9946fe_1763053561_SEPC_MIDTERMS.pdf
Method 1 (/Type/Page): 2
Method 2 (/Count): 2
Method 3 (Pages/Count): 0
Final Count: 2
------------------------
